[INFO  - 2019-09-24T11:12:13.323Z] GhostDriver - Main - running on port 29260
[INFO  - 2019-09-24T11:12:13.857Z] Session [293bbeb0-debc-11e9-a851-37444e8ec979] - page.settings - {"XSSAuditingEnabled":false,"javascriptCanCloseWindows":true,"javascriptCanOpenWindows":true,"javascriptEnabled":true,"loadImages":true,"localToRemoteUrlAccessEnabled":false,"userAgent":"Mozilla/5.0 (Windows NT 6.1; WOW64) AppleWebKit/538.1 (KHTML, like Gecko) PhantomJS/2.1.1 Safari/538.1","webSecurityEnabled":true}
[INFO  - 2019-09-24T11:12:13.857Z] Session [293bbeb0-debc-11e9-a851-37444e8ec979] - page.customHeaders:  - {}
[INFO  - 2019-09-24T11:12:13.857Z] Session [293bbeb0-debc-11e9-a851-37444e8ec979] - Session.negotiatedCapabilities - {"browserName":"phantomjs","version":"2.1.1","driverName":"ghostdriver","driverVersion":"1.2.0","platform":"windows-7-32bit","javascriptEnabled":true,"takesScreenshot":true,"handlesAlerts":false,"databaseEnabled":false,"locationContextEnabled":false,"applicationCacheEnabled":false,"browserConnectionEnabled":false,"cssSelectorsEnabled":true,"webStorageEnabled":false,"rotatable":false,"acceptSslCerts":false,"nativeEvents":true,"proxy":{"proxyType":"direct"}}
[INFO  - 2019-09-24T11:12:13.857Z] SessionManagerReqHand - _postNewSessionCommand - New Session Created: 293bbeb0-debc-11e9-a851-37444e8ec979
[ERROR - 2019-09-24T11:12:15.974Z] Session [293bbeb0-debc-11e9-a851-37444e8ec979] - page.onError - msg: Script error.(p:  l: 0c:0)
[ERROR - 2019-09-24T11:12:15.975Z] Session [293bbeb0-debc-11e9-a851-37444e8ec979] - page.onError - stack:
  onerror (https://mvnrepository.com/artifact/com.codeborne/phantomjsdriver/1.4.4:9)
[INFO  - 2019-09-24T11:17:13.411Z] SessionManagerReqHand - _cleanupWindowlessSessions - Asynchronous Sessions clean-up phase starting NOW
[INFO  - 2019-09-24T11:17:13.413Z] SessionManagerReqHand - _cleanupWindowlessSessions - Deleted Session '293bbeb0-debc-11e9-a851-37444e8ec979', because windowless
[INFO  - 2019-09-24T11:35:46.781Z] GhostDriver - Main - running on port 21084
[INFO  - 2019-09-24T11:35:47.113Z] Session [7399a640-debf-11e9-bfc7-f357ef201acf] - page.settings - {"XSSAuditingEnabled":false,"javascriptCanCloseWindows":true,"javascriptCanOpenWindows":true,"javascriptEnabled":true,"loadImages":true,"localToRemoteUrlAccessEnabled":false,"userAgent":"Mozilla/5.0 (Windows NT 6.1; WOW64) AppleWebKit/538.1 (KHTML, like Gecko) PhantomJS/2.1.1 Safari/538.1","webSecurityEnabled":true}
[INFO  - 2019-09-24T11:35:47.113Z] Session [7399a640-debf-11e9-bfc7-f357ef201acf] - page.customHeaders:  - {}
[INFO  - 2019-09-24T11:35:47.113Z] Session [7399a640-debf-11e9-bfc7-f357ef201acf] - Session.negotiatedCapabilities - {"browserName":"phantomjs","version":"2.1.1","driverName":"ghostdriver","driverVersion":"1.2.0","platform":"windows-7-32bit","javascriptEnabled":true,"takesScreenshot":true,"handlesAlerts":false,"databaseEnabled":false,"locationContextEnabled":false,"applicationCacheEnabled":false,"browserConnectionEnabled":false,"cssSelectorsEnabled":true,"webStorageEnabled":false,"rotatable":false,"acceptSslCerts":false,"nativeEvents":true,"proxy":{"proxyType":"direct"}}
[INFO  - 2019-09-24T11:35:47.113Z] SessionManagerReqHand - _postNewSessionCommand - New Session Created: 7399a640-debf-11e9-bfc7-f357ef201acf
[ERROR - 2019-09-24T11:35:49.017Z] Session [7399a640-debf-11e9-bfc7-f357ef201acf] - page.onError - msg: Script error.(p:  l: 0c:0)
[ERROR - 2019-09-24T11:35:49.018Z] Session [7399a640-debf-11e9-bfc7-f357ef201acf] - page.onError - stack:
  onerror (https://mvnrepository.com/artifact/com.codeborne/phantomjsdriver/1.4.4:9)
[INFO  - 2019-09-24T11:40:46.779Z] SessionManagerReqHand - _cleanupWindowlessSessions - Asynchronous Sessions clean-up phase starting NOW
[INFO  - 2019-09-24T11:40:46.779Z] SessionManagerReqHand - _cleanupWindowlessSessions - Deleted Session '7399a640-debf-11e9-bfc7-f357ef201acf', because windowless
[INFO  - 2019-09-24T11:41:18.001Z] GhostDriver - Main - running on port 45285
[INFO  - 2019-09-24T11:41:18.355Z] Session [39092ae0-dec0-11e9-9b8c-99eae0d12c22] - page.settings - {"XSSAuditingEnabled":false,"javascriptCanCloseWindows":true,"javascriptCanOpenWindows":true,"javascriptEnabled":true,"loadImages":true,"localToRemoteUrlAccessEnabled":false,"userAgent":"Mozilla/5.0 (Windows NT 6.1; WOW64) AppleWebKit/538.1 (KHTML, like Gecko) PhantomJS/2.1.1 Safari/538.1","webSecurityEnabled":true}
[INFO  - 2019-09-24T11:41:18.356Z] Session [39092ae0-dec0-11e9-9b8c-99eae0d12c22] - page.customHeaders:  - {}
[INFO  - 2019-09-24T11:41:18.356Z] Session [39092ae0-dec0-11e9-9b8c-99eae0d12c22] - Session.negotiatedCapabilities - {"browserName":"phantomjs","version":"2.1.1","driverName":"ghostdriver","driverVersion":"1.2.0","platform":"windows-7-32bit","javascriptEnabled":true,"takesScreenshot":true,"handlesAlerts":false,"databaseEnabled":false,"locationContextEnabled":false,"applicationCacheEnabled":false,"browserConnectionEnabled":false,"cssSelectorsEnabled":true,"webStorageEnabled":false,"rotatable":false,"acceptSslCerts":false,"nativeEvents":true,"proxy":{"proxyType":"direct"}}
[INFO  - 2019-09-24T11:41:18.356Z] SessionManagerReqHand - _postNewSessionCommand - New Session Created: 39092ae0-dec0-11e9-9b8c-99eae0d12c22
[ERROR - 2019-09-24T11:41:19.782Z] Session [39092ae0-dec0-11e9-9b8c-99eae0d12c22] - page.onError - msg: Script error.(p:  l: 0c:0)
[ERROR - 2019-09-24T11:41:19.782Z] Session [39092ae0-dec0-11e9-9b8c-99eae0d12c22] - page.onError - stack:
  onerror (https://mvnrepository.com/artifact/com.codeborne/phantomjsdriver/1.4.4:9)
[INFO  - 2019-09-24T11:46:18.485Z] SessionManagerReqHand - _cleanupWindowlessSessions - Asynchronous Sessions clean-up phase starting NOW
[INFO  - 2019-09-24T11:46:18.486Z] SessionManagerReqHand - _cleanupWindowlessSessions - Deleted Session '39092ae0-dec0-11e9-9b8c-99eae0d12c22', because windowless
[INFO  - 2019-09-24T11:55:14.122Z] GhostDriver - Main - running on port 21258
[INFO  - 2019-09-24T11:55:14.941Z] Session [2bae0f80-dec2-11e9-889c-e1e7ccbe39fa] - page.settings - {"XSSAuditingEnabled":false,"javascriptCanCloseWindows":true,"javascriptCanOpenWindows":true,"javascriptEnabled":true,"loadImages":true,"localToRemoteUrlAccessEnabled":false,"userAgent":"Mozilla/5.0 (Windows NT 6.1; WOW64) AppleWebKit/538.1 (KHTML, like Gecko) PhantomJS/2.1.1 Safari/538.1","webSecurityEnabled":true}
[INFO  - 2019-09-24T11:55:14.941Z] Session [2bae0f80-dec2-11e9-889c-e1e7ccbe39fa] - page.customHeaders:  - {}
[INFO  - 2019-09-24T11:55:14.941Z] Session [2bae0f80-dec2-11e9-889c-e1e7ccbe39fa] - Session.negotiatedCapabilities - {"browserName":"phantomjs","version":"2.1.1","driverName":"ghostdriver","driverVersion":"1.2.0","platform":"windows-7-32bit","javascriptEnabled":true,"takesScreenshot":true,"handlesAlerts":false,"databaseEnabled":false,"locationContextEnabled":false,"applicationCacheEnabled":false,"browserConnectionEnabled":false,"cssSelectorsEnabled":true,"webStorageEnabled":false,"rotatable":false,"acceptSslCerts":false,"nativeEvents":true,"proxy":{"proxyType":"direct"}}
[INFO  - 2019-09-24T11:55:14.941Z] SessionManagerReqHand - _postNewSessionCommand - New Session Created: 2bae0f80-dec2-11e9-889c-e1e7ccbe39fa
[INFO  - 2019-09-24T12:00:14.121Z] SessionManagerReqHand - _cleanupWindowlessSessions - Asynchronous Sessions clean-up phase starting NOW
[INFO  - 2019-09-24T12:00:14.121Z] SessionManagerReqHand - _cleanupWindowlessSessions - Deleted Session '2bae0f80-dec2-11e9-889c-e1e7ccbe39fa', because windowless
Images":true,"localToRemoteUrlAccessEnabled":false,"userAgent":"Mozilla/5.0 (Windows NT 6.1; WOW64) AppleWebKit/538.1 (KHTML, like Gecko) PhantomJS/2.1.1 Safari/538.1","webSecurityEnabled":true}
[INFO  - 2019-09-24T11:55:43.388Z] Session [3ca29360-dec2-11e9-b90e-a3e401d0ceb4] - page.customHeaders:  - {}
[INFO  - 2019-09-24T11:55:43.388Z] Session [3ca29360-dec2-11e9-b90e-a3e401d0ceb4] - Session.negotiatedCapabilities - {"browserName":"phantomjs","version":"2.1.1","driverName":"ghostdriver","driverVersion":"1.2.0","platform":"windows-7-32bit","javascriptEnabled":true,"takesScreenshot":true,"handlesAlerts":false,"databaseEnabled":false,"locationContextEnabled":false,"applicationCacheEnabled":false,"browserConnectionEnabled":false,"cssSelectorsEnabled":true,"webStorageEnabled":false,"rotatable":false,"acceptSslCerts":false,"nativeEvents":true,"proxy":{"proxyType":"direct"}}
[INFO  - 2019-09-24T11:55:43.388Z] SessionManagerReqHand - _postNewSessionCommand - New Session Created: 3ca29360-dec2-11e9-b90e-a3e401d0ceb4
[INFO  - 2019-09-24T12:00:43.169Z] SessionManagerReqHand - _cleanupWindowlessSessions - Asynchronous Sessions clean-up phase starting NOW
[INFO  - 2019-09-24T12:00:43.169Z] SessionManagerReqHand - _cleanupWindowlessSessions - Deleted Session '3ca29360-dec2-11e9-b90e-a3e401d0ceb4', because windowless
Images":true,"localToRemoteUrlAccessEnabled":false,"userAgent":"Mozilla/5.0 (Windows NT 6.1; WOW64) AppleWebKit/538.1 (KHTML, like Gecko) PhantomJS/2.1.1 Safari/538.1","webSecurityEnabled":true}
[INFO  - 2019-09-24T11:57:18.478Z] Session [75504f90-dec2-11e9-b92b-99cfb53454d1] - page.customHeaders:  - {}
[INFO  - 2019-09-24T11:57:18.478Z] Session [75504f90-dec2-11e9-b92b-99cfb53454d1] - Session.negotiatedCapabilities - {"browserName":"phantomjs","version":"2.1.1","driverName":"ghostdriver","driverVersion":"1.2.0","platform":"windows-7-32bit","javascriptEnabled":true,"takesScreenshot":true,"handlesAlerts":false,"databaseEnabled":false,"locationContextEnabled":false,"applicationCacheEnabled":false,"browserConnectionEnabled":false,"cssSelectorsEnabled":true,"webStorageEnabled":false,"rotatable":false,"acceptSslCerts":false,"nativeEvents":true,"proxy":{"proxyType":"direct"}}
[INFO  - 2019-09-24T11:57:18.478Z] SessionManagerReqHand - _postNewSessionCommand - New Session Created: 75504f90-dec2-11e9-b92b-99cfb53454d1
[INFO  - 2019-09-24T12:02:18.287Z] SessionManagerReqHand - _cleanupWindowlessSessions - Asynchronous Sessions clean-up phase starting NOW
[INFO  - 2019-09-24T12:02:18.288Z] SessionManagerReqHand - _cleanupWindowlessSessions - Deleted Session '75504f90-dec2-11e9-b92b-99cfb53454d1', because windowless
[INFO  - 2019-09-24T12:07:41.257Z] GhostDriver - Main - running on port 38704
[INFO  - 2019-09-24T12:07:41.599Z] Session [e8b907a0-dec3-11e9-886a-657df8025e75] - page.settings - {"XSSAuditingEnabled":false,"javascriptCanCloseWindows":true,"javascriptCanOpenWindows":true,"javascriptEnabled":true,"loadImages":true,"localToRemoteUrlAccessEnabled":false,"userAgent":"Mozilla/5.0 (Windows NT 6.1; WOW64) AppleWebKit/538.1 (KHTML, like Gecko) PhantomJS/2.1.1 Safari/538.1","webSecurityEnabled":true}
[INFO  - 2019-09-24T12:07:41.599Z] Session [e8b907a0-dec3-11e9-886a-657df8025e75] - page.customHeaders:  - {}
[INFO  - 2019-09-24T12:07:41.599Z] Session [e8b907a0-dec3-11e9-886a-657df8025e75] - Session.negotiatedCapabilities - {"browserName":"phantomjs","version":"2.1.1","driverName":"ghostdriver","driverVersion":"1.2.0","platform":"windows-7-32bit","javascriptEnabled":true,"takesScreenshot":true,"handlesAlerts":false,"databaseEnabled":false,"locationContextEnabled":false,"applicationCacheEnabled":false,"browserConnectionEnabled":false,"cssSelectorsEnabled":true,"webStorageEnabled":false,"rotatable":false,"acceptSslCerts":false,"nativeEvents":true,"proxy":{"proxyType":"direct"}}
[INFO  - 2019-09-24T12:07:41.599Z] SessionManagerReqHand - _postNewSessionCommand - New Session Created: e8b907a0-dec3-11e9-886a-657df8025e75
[INFO  - 2019-09-24T12:12:41.256Z] SessionManagerReqHand - _cleanupWindowlessSessions - Asynchronous Sessions clean-up phase starting NOW
[INFO  - 2019-09-24T12:12:41.256Z] SessionManagerReqHand - _cleanupWindowlessSessions - Deleted Session 'e8b907a0-dec3-11e9-886a-657df8025e75', because windowless
[INFO  - 2019-09-25T10:07:36.581Z] GhostDriver - Main - running on port 9229
[INFO  - 2019-09-25T10:07:37.284Z] Session [4d078cf0-df7c-11e9-9bbf-7b1a125e1da9] - page.settings - {"XSSAuditingEnabled":false,"javascriptCanCloseWindows":true,"javascriptCanOpenWindows":true,"javascriptEnabled":true,"loadImages":true,"localToRemoteUrlAccessEnabled":false,"userAgent":"Mozilla/5.0 (Windows NT 6.1; WOW64) AppleWebKit/538.1 (KHTML, like Gecko) PhantomJS/2.1.1 Safari/538.1","webSecurityEnabled":true}
[INFO  - 2019-09-25T10:07:37.284Z] Session [4d078cf0-df7c-11e9-9bbf-7b1a125e1da9] - page.customHeaders:  - {}
[INFO  - 2019-09-25T10:07:37.284Z] Session [4d078cf0-df7c-11e9-9bbf-7b1a125e1da9] - Session.negotiatedCapabilities - {"browserName":"phantomjs","version":"2.1.1","driverName":"ghostdriver","driverVersion":"1.2.0","platform":"windows-7-32bit","javascriptEnabled":true,"takesScreenshot":true,"handlesAlerts":false,"databaseEnabled":false,"locationContextEnabled":false,"applicationCacheEnabled":false,"browserConnectionEnabled":false,"cssSelectorsEnabled":true,"webStorageEnabled":false,"rotatable":false,"acceptSslCerts":false,"nativeEvents":true,"proxy":{"proxyType":"direct"}}
[INFO  - 2019-09-25T10:07:37.284Z] SessionManagerReqHand - _postNewSessionCommand - New Session Created: 4d078cf0-df7c-11e9-9bbf-7b1a125e1da9
[INFO  - 2019-09-25T10:12:36.601Z] SessionManagerReqHand - _cleanupWindowlessSessions - Asynchronous Sessions clean-up phase starting NOW
[INFO  - 2019-09-25T10:12:36.602Z] SessionManagerReqHand - _cleanupWindowlessSessions - Deleted Session '4d078cf0-df7c-11e9-9bbf-7b1a125e1da9', because windowless
Images":true,"localToRemoteUrlAccessEnabled":false,"userAgent":"Mozilla/5.0 (Windows NT 6.1; WOW64) AppleWebKit/538.1 (KHTML, like Gecko) PhantomJS/2.1.1 Safari/538.1","webSecurityEnabled":true}
[INFO  - 2019-09-25T10:07:58.505Z] Session [59ad9e40-df7c-11e9-b0c1-c5b10558ac88] - page.customHeaders:  - {}
[INFO  - 2019-09-25T10:07:58.505Z] Session [59ad9e40-df7c-11e9-b0c1-c5b10558ac88] - Session.negotiatedCapabilities - {"browserName":"phantomjs","version":"2.1.1","driverName":"ghostdriver","driverVersion":"1.2.0","platform":"windows-7-32bit","javascriptEnabled":true,"takesScreenshot":true,"handlesAlerts":false,"databaseEnabled":false,"locationContextEnabled":false,"applicationCacheEnabled":false,"browserConnectionEnabled":false,"cssSelectorsEnabled":true,"webStorageEnabled":false,"rotatable":false,"acceptSslCerts":false,"nativeEvents":true,"proxy":{"proxyType":"direct"}}
[INFO  - 2019-09-25T10:07:58.505Z] SessionManagerReqHand - _postNewSessionCommand - New Session Created: 59ad9e40-df7c-11e9-b0c1-c5b10558ac88
[INFO  - 2019-09-25T10:12:58.296Z] SessionManagerReqHand - _cleanupWindowlessSessions - Asynchronous Sessions clean-up phase starting NOW
[INFO  - 2019-09-25T10:12:58.298Z] SessionManagerReqHand - _cleanupWindowlessSessions - Deleted Session '59ad9e40-df7c-11e9-b0c1-c5b10558ac88', because windowless
[INFO  - 2019-12-04T14:14:10.621Z] GhostDriver - Main - running on port 19587
[INFO  - 2019-12-04T14:14:11.516Z] Session [57feb470-16a0-11ea-826c-112cbaadfec0] - page.settings - {"XSSAuditingEnabled":false,"javascriptCanCloseWindows":true,"javascriptCanOpenWindows":true,"javascriptEnabled":true,"loadImages":true,"localToRemoteUrlAccessEnabled":false,"userAgent":"Mozilla/5.0 (Windows NT 6.1; WOW64) AppleWebKit/538.1 (KHTML, like Gecko) PhantomJS/2.1.1 Safari/538.1","webSecurityEnabled":true}
[INFO  - 2019-12-04T14:14:11.516Z] Session [57feb470-16a0-11ea-826c-112cbaadfec0] - page.customHeaders:  - {}
[INFO  - 2019-12-04T14:14:11.516Z] Session [57feb470-16a0-11ea-826c-112cbaadfec0] - Session.negotiatedCapabilities - {"browserName":"phantomjs","version":"2.1.1","driverName":"ghostdriver","driverVersion":"1.2.0","platform":"windows-7-32bit","javascriptEnabled":true,"takesScreenshot":true,"handlesAlerts":false,"databaseEnabled":false,"locationContextEnabled":false,"applicationCacheEnabled":false,"browserConnectionEnabled":false,"cssSelectorsEnabled":true,"webStorageEnabled":false,"rotatable":false,"acceptSslCerts":false,"nativeEvents":true,"proxy":{"proxyType":"direct"}}
[INFO  - 2019-12-04T14:14:11.516Z] SessionManagerReqHand - _postNewSessionCommand - New Session Created: 57feb470-16a0-11ea-826c-112cbaadfec0
[INFO  - 2019-12-04T14:19:10.902Z] SessionManagerReqHand - _cleanupWindowlessSessions - Asynchronous Sessions clean-up phase starting NOW
[INFO  - 2019-12-04T14:19:10.903Z] SessionManagerReqHand - _cleanupWindowlessSessions - Deleted Session '57feb470-16a0-11ea-826c-112cbaadfec0', because windowless
